Lattice Timing Report -  Setup  and Hold, Version Radiant Software (64-bit) 2025.1.0.39.0

Tue Sep  2 23:01:19 2025

Copyright (c) 1991-1994 by NeoCAD Inc. All rights reserved.
Copyright (c) 1995 AT&T Corp.   All rights reserved.
Copyright (c) 1995-2001 Lucent Technologies Inc.  All rights reserved.
Copyright (c) 2001 Agere Systems   All rights reserved.
Copyright (c) 2002-2025 Lattice Semiconductor Corporation,  All rights reserved.

Command line:    timing -sethld -v 10 -u 10 -endpoints 10 -nperend 1 -sp High-Performance_1.2V -hsp m -pwrprd -html -rpt lab1_cw_radiant_impl_1.twr lab1_cw_radiant_impl_1.udb -gui -msgset C:/Users/chris/OneDrive/Desktop/Wu-E155-Lab1/lab1_cw_radiant/promote.xml

-----------------------------------------
Design:          lab1_cw
Family:          iCE40UP
Device:          iCE40UP5K
Package:         SG48
Performance:     High-Performance_1.2V
Package Status:                     Preliminary    Version 1.5
**Performance Hardware Data Status :   Advanced Version 1.0
-----------------------------------------


=====================================================================
                    Table of Contents
=====================================================================
    1  Timing Overview
        1.1  SDC Constraints
        1.2  Constraint Coverage
        1.3  Overall Summary
        1.4  Unconstrained Report
        1.5  Combinational Loop
    2  Setup at Speed Grade High-Performance_1.2V Corner at 100 Degrees
        2.1  Clock Summary
        2.2  Endpoint slacks
        2.3  Detailed Report
    3  Hold at Speed Grade m Corner at -40 Degrees
        3.1  Endpoint slacks
        3.2  Detailed Report

=====================================================================
                    End of Table of Contents
=====================================================================

==============================================
1  Timing Overview
==============================================

1.1  SDC Constraints
=====================
create_clock -name {led_ctrl/int_osc} -period 20.8333 [get_pins {led_ctrl/hf_osc/CLKHF }] 

1.2  Constraint Coverage
---------------------------
Constraint Coverage: 73.7374%


1.3  Overall Summary
---------------------------
 Setup at Speed Grade High-Performance_1.2V Corner at 100 Degrees     Timing Errors: 0 endpoints;  Total Negative Slack: 0.000 ns 
 Hold at Speed Grade m Corner at -40 Degrees                          Timing Errors: 0 endpoints;  Total Negative Slack: 0.000 ns 

1.4  Unconstrained Report
===========================

1.4.1  Unconstrained Start/End Points
--------------------------------------

Clocked but unconstrained timing start points
--------------------------------------------------
There is no start point satisfying reporting criteria


Clocked but unconstrained timing end points
--------------------------------------------------
There is no end point satisfying reporting criteria


1.4.2  Start/End Points Without Timing Constraints
---------------------------------------------------

I/O ports without constraint
----------------------------
Possible constraints to use on I/O ports are:
set_input_delay,
set_output_delay,
set_max_delay,
create_clock,
create_generated_clock,
...

-------------------------------------------------------------------
     Listing 10 Start or End Points     |           Type           
-------------------------------------------------------------------
s[0]                                    |                     input
s[1]                                    |                     input
s[2]                                    |                     input
s[3]                                    |                     input
seg[0]                                  |                    output
seg[1]                                  |                    output
seg[2]                                  |                    output
seg[3]                                  |                    output
seg[4]                                  |                    output
seg[5]                                  |                    output
-------------------------------------------------------------------
                                        |                          
Number of I/O ports without constraint  |                        14
                                        |                          
-------------------------------------------------------------------

Nets without clock definition
Define a clock on a top level port or a generated clock on a clock divider pin associated with this net(s).
--------------------------------------------------
There is no instance satisfying reporting criteria



1.5  Combinational Loop
========================
None

===============================================================
2  Setup at Speed Grade High-Performance_1.2V Corner at 100 Degrees
===============================================================

2.1  Clock Summary
=======================

2.1.1 Clock "led_ctrl/int_osc"
=======================
create_clock -name {led_ctrl/int_osc} -period 20.8333 [get_pins {led_ctrl/hf_osc/CLKHF }] 

Single Clock Domain
-------------------------------------------------------------------------------------------------------
         Clock led_ctrl/int_osc         |                    |       Period       |     Frequency      
-------------------------------------------------------------------------------------------------------
 From led_ctrl/int_osc                  |             Target |          20.833 ns |         48.000 MHz 
                                        | Actual (all paths) |          20.792 ns |         48.095 MHz 
led_ctrl/hf_osc/CLKHF (MPW)             |   (50% duty cycle) |          20.792 ns |         48.095 MHz 
-------------------------------------------------------------------------------------------------------

Clock Domain Crossing

2.2  Endpoint slacks
=======================
-------------------------------------------------------
          Listing 10 End Points          |    Slack    
-------------------------------------------------------
led_ctrl/led_state/D                     |    6.030 ns 
{led_ctrl/counter_7__i23/SR   led_ctrl/counter_7__i24/SR}              
                                         |    6.201 ns 
{led_ctrl/counter_7__i7/SR   led_ctrl/counter_7__i8/SR}              
                                         |    7.391 ns 
{led_ctrl/counter_7__i9/SR   led_ctrl/counter_7__i10/SR}              
                                         |    7.391 ns 
{led_ctrl/counter_7__i15/SR   led_ctrl/counter_7__i16/SR}              
                                         |    7.391 ns 
{led_ctrl/counter_7__i17/SR   led_ctrl/counter_7__i18/SR}              
                                         |    7.391 ns 
{led_ctrl/counter_7__i19/SR   led_ctrl/counter_7__i20/SR}              
                                         |    7.391 ns 
{led_ctrl/counter_7__i21/SR   led_ctrl/counter_7__i22/SR}              
                                         |    7.391 ns 
{led_ctrl/counter_7__i11/SR   led_ctrl/counter_7__i12/SR}              
                                         |    7.391 ns 
{led_ctrl/counter_7__i13/SR   led_ctrl/counter_7__i14/SR}              
                                         |    7.391 ns 
-------------------------------------------------------
                                         |             
Setup # of endpoints with negative slack:|           0 
                                         |             
-------------------------------------------------------

2.3  Detailed Report
=======================


XXXXXXXXXXXXXXXXXXXXXXXXXXXXXXXXXXXXXXXXXXXXXXXXXXXXXXXXXX

Detail report of critical paths

XXXXXXXXXXXXXXXXXXXXXXXXXXXXXXXXXXXXXXXXXXXXXXXXXXXXXXXXXX

 +++++++++++++++++++++++++++++++++++++++++++++++++++++++++++++++++++++
                    Detailed Report for timing paths 
 +++++++++++++++++++++++++++++++++++++++++++++++++++++++++++++++++++++

 ++++Path 1  ++++++++++++++++++++++++++++++++++++++++++++++++++++++++++

Path Begin       : led_ctrl/counter_7__i11/Q  (SLICE_R5C6C)
Path End         : led_ctrl/led_state/D  (SLICE_R2C5B)
Source Clock     : led_ctrl/int_osc (R)
Destination Clock: led_ctrl/int_osc (R)
Logic Level      : 7
Delay Ratio      : 71.5% (route), 28.5% (logic)
Clock Skew       : 0.000 ns 
Setup Constraint : 20.833 ns 
Path Slack       : 6.030 ns  (Passed)


Source Clock Path
Name                                      Cell/Site Name     Delay Name       Incr      Arrival/Required Time  Fanout  
----------------------------------------  -----------------  ---------------  --------  ---------------------  ------  
led_ctrl.hf_osc/CLKHF                     HFOSC_HFOSC_R1C32  CLOCK LATENCY       0.000                  0.000  15      
led_ctrl/int_osc                                             NET DELAY           5.499                  5.499  15      
{led_ctrl/counter_7__i11/CK   led_ctrl/counter_7__i12/CK}
                                                             CLOCK PIN           0.000                  5.499  1       


Data Path
Name                                      Cell/Site Name     Delay Name       Incr      Arrival/Required Time  Fanout  
----------------------------------------  -----------------  ---------------  --------  ---------------------  ------  
led_ctrl/counter_7__i11/CK->led_ctrl/counter_7__i11/Q
                                          SLICE_R5C6C        CLK_TO_Q0_DELAY     1.388                  6.887  2       
led_ctrl/counter[11]                                         NET DELAY           2.141                  9.028  2       
led_ctrl/i12_4_lut/B->led_ctrl/i12_4_lut/Z
                                          SLICE_R6C5D        A0_TO_F0_DELAY      0.449                  9.477  1       
led_ctrl/n29                                                 NET DELAY           2.168                 11.645  1       
led_ctrl/i15_4_lut/A->led_ctrl/i15_4_lut/Z
                                          SLICE_R6C6A        D1_TO_F1_DELAY      0.476                 12.121  1       
led_ctrl/n32                                                 NET DELAY           0.304                 12.425  1       
led_ctrl/i1_4_lut/C->led_ctrl/i1_4_lut/Z  SLICE_R6C6B        C0_TO_F0_DELAY      0.476                 12.901  1       
led_ctrl/n10                                                 NET DELAY           0.304                 13.205  1       
led_ctrl/i7_4_lut/D->led_ctrl/i7_4_lut/Z  SLICE_R6C6B        C1_TO_F1_DELAY      0.449                 13.654  1       
led_ctrl/n16                                                 NET DELAY           2.168                 15.822  1       
led_ctrl/i4_4_lut/D->led_ctrl/i4_4_lut/Z  SLICE_R6C6C        D1_TO_F1_DELAY      0.449                 16.271  14      
led_ctrl/n106                                                NET DELAY           3.357                 19.628  14      
led_ctrl/i1_2_lut/B->led_ctrl/i1_2_lut/Z  SLICE_R2C5B        D0_TO_F0_DELAY      0.476                 20.104  1       
led_ctrl/n100                                                NET DELAY           0.000                 20.104  1       
led_ctrl/led_state/D                                         ENDPOINT            0.000                 20.104  1       


Destination Clock Path
Name                                      Cell/Site Name     Delay Name       Incr      Arrival/Required Time  Fanout  
----------------------------------------  -----------------  ---------------  --------  ---------------------  ------  
                                                             CONSTRAINT          0.000                 20.833  1       
led_ctrl.hf_osc/CLKHF                     HFOSC_HFOSC_R1C32  CLOCK LATENCY       0.000                 20.833  15      
led_ctrl/int_osc                                             NET DELAY           5.499                 26.332  15      
led_ctrl/led_state/CK                                        CLOCK PIN           0.000                 26.332  1       
                                                             Uncertainty      -(0.000)                 26.332  
                                                             Setup time       -(0.198)                 26.134  
----------------------------------------  -----------------  ---------------  --------  ---------------------  ------  
Required Time                                                                                          26.134  
Arrival Time                                                                                        -(20.103)  
----------------------------------------  -----------------  ---------------  --------  ---------------------  ------  
Path Slack  (Passed)                                                                                    6.030  




++++ Path 2 ++++++++++++++++++++++++++++++++++++++++++++++++++++++++++ 

Path Begin       : led_ctrl/counter_7__i11/Q  (SLICE_R5C6C)
Path End         : {led_ctrl/counter_7__i23/SR   led_ctrl/counter_7__i24/SR}  (SLICE_R5C8A)
Source Clock     : led_ctrl/int_osc (R)
Destination Clock: led_ctrl/int_osc (R)
Logic Level      : 6
Delay Ratio      : 73.9% (route), 26.1% (logic)
Clock Skew       : 0.000 ns 
Setup Constraint : 20.833 ns 
Path Slack       : 6.201 ns  (Passed)


Source Clock Path
Name                                      Cell/Site Name     Delay Name       Incr      Arrival/Required Time  Fanout  
----------------------------------------  -----------------  ---------------  --------  ---------------------  ------  
led_ctrl.hf_osc/CLKHF                     HFOSC_HFOSC_R1C32  CLOCK LATENCY       0.000                  0.000  15      
led_ctrl/int_osc                                             NET DELAY           5.499                  5.499  15      
{led_ctrl/counter_7__i11/CK   led_ctrl/counter_7__i12/CK}
                                                             CLOCK PIN           0.000                  5.499  1       


Data Path
Name                                      Cell/Site Name     Delay Name       Incr      Arrival/Required Time  Fanout  
----------------------------------------  -----------------  ---------------  --------  ---------------------  ------  
led_ctrl/counter_7__i11/CK->led_ctrl/counter_7__i11/Q
                                          SLICE_R5C6C        CLK_TO_Q0_DELAY     1.388                  6.887  2       
led_ctrl/counter[11]                                         NET DELAY           2.141                  9.028  2       
led_ctrl/i12_4_lut/B->led_ctrl/i12_4_lut/Z
                                          SLICE_R6C5D        A0_TO_F0_DELAY      0.449                  9.477  1       
led_ctrl/n29                                                 NET DELAY           2.168                 11.645  1       
led_ctrl/i15_4_lut/A->led_ctrl/i15_4_lut/Z
                                          SLICE_R6C6A        D1_TO_F1_DELAY      0.476                 12.121  1       
led_ctrl/n32                                                 NET DELAY           0.304                 12.425  1       
led_ctrl/i1_4_lut/C->led_ctrl/i1_4_lut/Z  SLICE_R6C6B        C0_TO_F0_DELAY      0.476                 12.901  1       
led_ctrl/n10                                                 NET DELAY           0.304                 13.205  1       
led_ctrl/i7_4_lut/D->led_ctrl/i7_4_lut/Z  SLICE_R6C6B        C1_TO_F1_DELAY      0.449                 13.654  1       
led_ctrl/n16                                                 NET DELAY           2.168                 15.822  1       
led_ctrl/i4_4_lut/D->led_ctrl/i4_4_lut/Z  SLICE_R6C6C        D1_TO_F1_DELAY      0.449                 16.271  14      
led_ctrl/n106                                                NET DELAY           3.331                 19.602  14      
{led_ctrl/counter_7__i23/SR   led_ctrl/counter_7__i24/SR}
                                                             ENDPOINT            0.000                 19.602  1       


Destination Clock Path
Name                                      Cell/Site Name     Delay Name       Incr      Arrival/Required Time  Fanout  
----------------------------------------  -----------------  ---------------  --------  ---------------------  ------  
                                                             CONSTRAINT          0.000                 20.833  1       
led_ctrl.hf_osc/CLKHF                     HFOSC_HFOSC_R1C32  CLOCK LATENCY       0.000                 20.833  15      
led_ctrl/int_osc                                             NET DELAY           5.499                 26.332  15      
{led_ctrl/counter_7__i23/CK   led_ctrl/counter_7__i24/CK}
                                                             CLOCK PIN           0.000                 26.332  1       
                                                             Uncertainty      -(0.000)                 26.332  
                                                             Setup time       -(0.529)                 25.803  
----------------------------------------  -----------------  ---------------  --------  ---------------------  ------  
Required Time                                                                                          25.803  
Arrival Time                                                                                        -(19.601)  
----------------------------------------  -----------------  ---------------  --------  ---------------------  ------  
Path Slack  (Passed)                                                                                    6.201  




++++ Path 3 ++++++++++++++++++++++++++++++++++++++++++++++++++++++++++ 

Path Begin       : led_ctrl/counter_7__i11/Q  (SLICE_R5C6C)
Path End         : {led_ctrl/counter_7__i7/SR   led_ctrl/counter_7__i8/SR}  (SLICE_R5C6A)
Source Clock     : led_ctrl/int_osc (R)
Destination Clock: led_ctrl/int_osc (R)
Logic Level      : 6
Delay Ratio      : 71.4% (route), 28.6% (logic)
Clock Skew       : 0.000 ns 
Setup Constraint : 20.833 ns 
Path Slack       : 7.391 ns  (Passed)


Source Clock Path
Name                                      Cell/Site Name     Delay Name       Incr      Arrival/Required Time  Fanout  
----------------------------------------  -----------------  ---------------  --------  ---------------------  ------  
led_ctrl.hf_osc/CLKHF                     HFOSC_HFOSC_R1C32  CLOCK LATENCY       0.000                  0.000  15      
led_ctrl/int_osc                                             NET DELAY           5.499                  5.499  15      
{led_ctrl/counter_7__i11/CK   led_ctrl/counter_7__i12/CK}
                                                             CLOCK PIN           0.000                  5.499  1       


Data Path
Name                                      Cell/Site Name     Delay Name       Incr      Arrival/Required Time  Fanout  
----------------------------------------  -----------------  ---------------  --------  ---------------------  ------  
led_ctrl/counter_7__i11/CK->led_ctrl/counter_7__i11/Q
                                          SLICE_R5C6C        CLK_TO_Q0_DELAY     1.388                  6.887  2       
led_ctrl/counter[11]                                         NET DELAY           2.141                  9.028  2       
led_ctrl/i12_4_lut/B->led_ctrl/i12_4_lut/Z
                                          SLICE_R6C5D        A0_TO_F0_DELAY      0.449                  9.477  1       
led_ctrl/n29                                                 NET DELAY           2.168                 11.645  1       
led_ctrl/i15_4_lut/A->led_ctrl/i15_4_lut/Z
                                          SLICE_R6C6A        D1_TO_F1_DELAY      0.476                 12.121  1       
led_ctrl/n32                                                 NET DELAY           0.304                 12.425  1       
led_ctrl/i1_4_lut/C->led_ctrl/i1_4_lut/Z  SLICE_R6C6B        C0_TO_F0_DELAY      0.476                 12.901  1       
led_ctrl/n10                                                 NET DELAY           0.304                 13.205  1       
led_ctrl/i7_4_lut/D->led_ctrl/i7_4_lut/Z  SLICE_R6C6B        C1_TO_F1_DELAY      0.449                 13.654  1       
led_ctrl/n16                                                 NET DELAY           2.168                 15.822  1       
led_ctrl/i4_4_lut/D->led_ctrl/i4_4_lut/Z  SLICE_R6C6C        D1_TO_F1_DELAY      0.449                 16.271  14      
led_ctrl/n106                                                NET DELAY           2.141                 18.412  14      
{led_ctrl/counter_7__i7/SR   led_ctrl/counter_7__i8/SR}
                                                             ENDPOINT            0.000                 18.412  1       


Destination Clock Path
Name                                      Cell/Site Name     Delay Name       Incr      Arrival/Required Time  Fanout  
----------------------------------------  -----------------  ---------------  --------  ---------------------  ------  
                                                             CONSTRAINT          0.000                 20.833  1       
led_ctrl.hf_osc/CLKHF                     HFOSC_HFOSC_R1C32  CLOCK LATENCY       0.000                 20.833  15      
led_ctrl/int_osc                                             NET DELAY           5.499                 26.332  15      
{led_ctrl/counter_7__i7/CK   led_ctrl/counter_7__i8/CK}
                                                             CLOCK PIN           0.000                 26.332  1       
                                                             Uncertainty      -(0.000)                 26.332  
                                                             Setup time       -(0.529)                 25.803  
----------------------------------------  -----------------  ---------------  --------  ---------------------  ------  
Required Time                                                                                          25.803  
Arrival Time                                                                                        -(18.411)  
----------------------------------------  -----------------  ---------------  --------  ---------------------  ------  
Path Slack  (Passed)                                                                                    7.391  




++++ Path 4 ++++++++++++++++++++++++++++++++++++++++++++++++++++++++++ 

Path Begin       : led_ctrl/counter_7__i11/Q  (SLICE_R5C6C)
Path End         : {led_ctrl/counter_7__i9/SR   led_ctrl/counter_7__i10/SR}  (SLICE_R5C6B)
Source Clock     : led_ctrl/int_osc (R)
Destination Clock: led_ctrl/int_osc (R)
Logic Level      : 6
Delay Ratio      : 71.4% (route), 28.6% (logic)
Clock Skew       : 0.000 ns 
Setup Constraint : 20.833 ns 
Path Slack       : 7.391 ns  (Passed)


Source Clock Path
Name                                      Cell/Site Name     Delay Name       Incr      Arrival/Required Time  Fanout  
----------------------------------------  -----------------  ---------------  --------  ---------------------  ------  
led_ctrl.hf_osc/CLKHF                     HFOSC_HFOSC_R1C32  CLOCK LATENCY       0.000                  0.000  15      
led_ctrl/int_osc                                             NET DELAY           5.499                  5.499  15      
{led_ctrl/counter_7__i11/CK   led_ctrl/counter_7__i12/CK}
                                                             CLOCK PIN           0.000                  5.499  1       


Data Path
Name                                      Cell/Site Name     Delay Name       Incr      Arrival/Required Time  Fanout  
----------------------------------------  -----------------  ---------------  --------  ---------------------  ------  
led_ctrl/counter_7__i11/CK->led_ctrl/counter_7__i11/Q
                                          SLICE_R5C6C        CLK_TO_Q0_DELAY     1.388                  6.887  2       
led_ctrl/counter[11]                                         NET DELAY           2.141                  9.028  2       
led_ctrl/i12_4_lut/B->led_ctrl/i12_4_lut/Z
                                          SLICE_R6C5D        A0_TO_F0_DELAY      0.449                  9.477  1       
led_ctrl/n29                                                 NET DELAY           2.168                 11.645  1       
led_ctrl/i15_4_lut/A->led_ctrl/i15_4_lut/Z
                                          SLICE_R6C6A        D1_TO_F1_DELAY      0.476                 12.121  1       
led_ctrl/n32                                                 NET DELAY           0.304                 12.425  1       
led_ctrl/i1_4_lut/C->led_ctrl/i1_4_lut/Z  SLICE_R6C6B        C0_TO_F0_DELAY      0.476                 12.901  1       
led_ctrl/n10                                                 NET DELAY           0.304                 13.205  1       
led_ctrl/i7_4_lut/D->led_ctrl/i7_4_lut/Z  SLICE_R6C6B        C1_TO_F1_DELAY      0.449                 13.654  1       
led_ctrl/n16                                                 NET DELAY           2.168                 15.822  1       
led_ctrl/i4_4_lut/D->led_ctrl/i4_4_lut/Z  SLICE_R6C6C        D1_TO_F1_DELAY      0.449                 16.271  14      
led_ctrl/n106                                                NET DELAY           2.141                 18.412  14      
{led_ctrl/counter_7__i9/SR   led_ctrl/counter_7__i10/SR}
                                                             ENDPOINT            0.000                 18.412  1       


Destination Clock Path
Name                                      Cell/Site Name     Delay Name       Incr      Arrival/Required Time  Fanout  
----------------------------------------  -----------------  ---------------  --------  ---------------------  ------  
                                                             CONSTRAINT          0.000                 20.833  1       
led_ctrl.hf_osc/CLKHF                     HFOSC_HFOSC_R1C32  CLOCK LATENCY       0.000                 20.833  15      
led_ctrl/int_osc                                             NET DELAY           5.499                 26.332  15      
{led_ctrl/counter_7__i9/CK   led_ctrl/counter_7__i10/CK}
                                                             CLOCK PIN           0.000                 26.332  1       
                                                             Uncertainty      -(0.000)                 26.332  
                                                             Setup time       -(0.529)                 25.803  
----------------------------------------  -----------------  ---------------  --------  ---------------------  ------  
Required Time                                                                                          25.803  
Arrival Time                                                                                        -(18.411)  
----------------------------------------  -----------------  ---------------  --------  ---------------------  ------  
Path Slack  (Passed)                                                                                    7.391  




++++ Path 5 ++++++++++++++++++++++++++++++++++++++++++++++++++++++++++ 

Path Begin       : led_ctrl/counter_7__i11/Q  (SLICE_R5C6C)
Path End         : {led_ctrl/counter_7__i15/SR   led_ctrl/counter_7__i16/SR}  (SLICE_R5C7A)
Source Clock     : led_ctrl/int_osc (R)
Destination Clock: led_ctrl/int_osc (R)
Logic Level      : 6
Delay Ratio      : 71.4% (route), 28.6% (logic)
Clock Skew       : 0.000 ns 
Setup Constraint : 20.833 ns 
Path Slack       : 7.391 ns  (Passed)


Source Clock Path
Name                                      Cell/Site Name     Delay Name       Incr      Arrival/Required Time  Fanout  
----------------------------------------  -----------------  ---------------  --------  ---------------------  ------  
led_ctrl.hf_osc/CLKHF                     HFOSC_HFOSC_R1C32  CLOCK LATENCY       0.000                  0.000  15      
led_ctrl/int_osc                                             NET DELAY           5.499                  5.499  15      
{led_ctrl/counter_7__i11/CK   led_ctrl/counter_7__i12/CK}
                                                             CLOCK PIN           0.000                  5.499  1       


Data Path
Name                                      Cell/Site Name     Delay Name       Incr      Arrival/Required Time  Fanout  
----------------------------------------  -----------------  ---------------  --------  ---------------------  ------  
led_ctrl/counter_7__i11/CK->led_ctrl/counter_7__i11/Q
                                          SLICE_R5C6C        CLK_TO_Q0_DELAY     1.388                  6.887  2       
led_ctrl/counter[11]                                         NET DELAY           2.141                  9.028  2       
led_ctrl/i12_4_lut/B->led_ctrl/i12_4_lut/Z
                                          SLICE_R6C5D        A0_TO_F0_DELAY      0.449                  9.477  1       
led_ctrl/n29                                                 NET DELAY           2.168                 11.645  1       
led_ctrl/i15_4_lut/A->led_ctrl/i15_4_lut/Z
                                          SLICE_R6C6A        D1_TO_F1_DELAY      0.476                 12.121  1       
led_ctrl/n32                                                 NET DELAY           0.304                 12.425  1       
led_ctrl/i1_4_lut/C->led_ctrl/i1_4_lut/Z  SLICE_R6C6B        C0_TO_F0_DELAY      0.476                 12.901  1       
led_ctrl/n10                                                 NET DELAY           0.304                 13.205  1       
led_ctrl/i7_4_lut/D->led_ctrl/i7_4_lut/Z  SLICE_R6C6B        C1_TO_F1_DELAY      0.449                 13.654  1       
led_ctrl/n16                                                 NET DELAY           2.168                 15.822  1       
led_ctrl/i4_4_lut/D->led_ctrl/i4_4_lut/Z  SLICE_R6C6C        D1_TO_F1_DELAY      0.449                 16.271  14      
led_ctrl/n106                                                NET DELAY           2.141                 18.412  14      
{led_ctrl/counter_7__i15/SR   led_ctrl/counter_7__i16/SR}
                                                             ENDPOINT            0.000                 18.412  1       


Destination Clock Path
Name                                      Cell/Site Name     Delay Name       Incr      Arrival/Required Time  Fanout  
----------------------------------------  -----------------  ---------------  --------  ---------------------  ------  
                                                             CONSTRAINT          0.000                 20.833  1       
led_ctrl.hf_osc/CLKHF                     HFOSC_HFOSC_R1C32  CLOCK LATENCY       0.000                 20.833  15      
led_ctrl/int_osc                                             NET DELAY           5.499                 26.332  15      
{led_ctrl/counter_7__i15/CK   led_ctrl/counter_7__i16/CK}
                                                             CLOCK PIN           0.000                 26.332  1       
                                                             Uncertainty      -(0.000)                 26.332  
                                                             Setup time       -(0.529)                 25.803  
----------------------------------------  -----------------  ---------------  --------  ---------------------  ------  
Required Time                                                                                          25.803  
Arrival Time                                                                                        -(18.411)  
----------------------------------------  -----------------  ---------------  --------  ---------------------  ------  
Path Slack  (Passed)                                                                                    7.391  




++++ Path 6 ++++++++++++++++++++++++++++++++++++++++++++++++++++++++++ 

Path Begin       : led_ctrl/counter_7__i11/Q  (SLICE_R5C6C)
Path End         : {led_ctrl/counter_7__i17/SR   led_ctrl/counter_7__i18/SR}  (SLICE_R5C7B)
Source Clock     : led_ctrl/int_osc (R)
Destination Clock: led_ctrl/int_osc (R)
Logic Level      : 6
Delay Ratio      : 71.4% (route), 28.6% (logic)
Clock Skew       : 0.000 ns 
Setup Constraint : 20.833 ns 
Path Slack       : 7.391 ns  (Passed)


Source Clock Path
Name                                      Cell/Site Name     Delay Name       Incr      Arrival/Required Time  Fanout  
----------------------------------------  -----------------  ---------------  --------  ---------------------  ------  
led_ctrl.hf_osc/CLKHF                     HFOSC_HFOSC_R1C32  CLOCK LATENCY       0.000                  0.000  15      
led_ctrl/int_osc                                             NET DELAY           5.499                  5.499  15      
{led_ctrl/counter_7__i11/CK   led_ctrl/counter_7__i12/CK}
                                                             CLOCK PIN           0.000                  5.499  1       


Data Path
Name                                      Cell/Site Name     Delay Name       Incr      Arrival/Required Time  Fanout  
----------------------------------------  -----------------  ---------------  --------  ---------------------  ------  
led_ctrl/counter_7__i11/CK->led_ctrl/counter_7__i11/Q
                                          SLICE_R5C6C        CLK_TO_Q0_DELAY     1.388                  6.887  2       
led_ctrl/counter[11]                                         NET DELAY           2.141                  9.028  2       
led_ctrl/i12_4_lut/B->led_ctrl/i12_4_lut/Z
                                          SLICE_R6C5D        A0_TO_F0_DELAY      0.449                  9.477  1       
led_ctrl/n29                                                 NET DELAY           2.168                 11.645  1       
led_ctrl/i15_4_lut/A->led_ctrl/i15_4_lut/Z
                                          SLICE_R6C6A        D1_TO_F1_DELAY      0.476                 12.121  1       
led_ctrl/n32                                                 NET DELAY           0.304                 12.425  1       
led_ctrl/i1_4_lut/C->led_ctrl/i1_4_lut/Z  SLICE_R6C6B        C0_TO_F0_DELAY      0.476                 12.901  1       
led_ctrl/n10                                                 NET DELAY           0.304                 13.205  1       
led_ctrl/i7_4_lut/D->led_ctrl/i7_4_lut/Z  SLICE_R6C6B        C1_TO_F1_DELAY      0.449                 13.654  1       
led_ctrl/n16                                                 NET DELAY           2.168                 15.822  1       
led_ctrl/i4_4_lut/D->led_ctrl/i4_4_lut/Z  SLICE_R6C6C        D1_TO_F1_DELAY      0.449                 16.271  14      
led_ctrl/n106                                                NET DELAY           2.141                 18.412  14      
{led_ctrl/counter_7__i17/SR   led_ctrl/counter_7__i18/SR}
                                                             ENDPOINT            0.000                 18.412  1       


Destination Clock Path
Name                                      Cell/Site Name     Delay Name       Incr      Arrival/Required Time  Fanout  
----------------------------------------  -----------------  ---------------  --------  ---------------------  ------  
                                                             CONSTRAINT          0.000                 20.833  1       
led_ctrl.hf_osc/CLKHF                     HFOSC_HFOSC_R1C32  CLOCK LATENCY       0.000                 20.833  15      
led_ctrl/int_osc                                             NET DELAY           5.499                 26.332  15      
{led_ctrl/counter_7__i17/CK   led_ctrl/counter_7__i18/CK}
                                                             CLOCK PIN           0.000                 26.332  1       
                                                             Uncertainty      -(0.000)                 26.332  
                                                             Setup time       -(0.529)                 25.803  
----------------------------------------  -----------------  ---------------  --------  ---------------------  ------  
Required Time                                                                                          25.803  
Arrival Time                                                                                        -(18.411)  
----------------------------------------  -----------------  ---------------  --------  ---------------------  ------  
Path Slack  (Passed)                                                                                    7.391  




++++ Path 7 ++++++++++++++++++++++++++++++++++++++++++++++++++++++++++ 

Path Begin       : led_ctrl/counter_7__i11/Q  (SLICE_R5C6C)
Path End         : {led_ctrl/counter_7__i19/SR   led_ctrl/counter_7__i20/SR}  (SLICE_R5C7C)
Source Clock     : led_ctrl/int_osc (R)
Destination Clock: led_ctrl/int_osc (R)
Logic Level      : 6
Delay Ratio      : 71.4% (route), 28.6% (logic)
Clock Skew       : 0.000 ns 
Setup Constraint : 20.833 ns 
Path Slack       : 7.391 ns  (Passed)


Source Clock Path
Name                                      Cell/Site Name     Delay Name       Incr      Arrival/Required Time  Fanout  
----------------------------------------  -----------------  ---------------  --------  ---------------------  ------  
led_ctrl.hf_osc/CLKHF                     HFOSC_HFOSC_R1C32  CLOCK LATENCY       0.000                  0.000  15      
led_ctrl/int_osc                                             NET DELAY           5.499                  5.499  15      
{led_ctrl/counter_7__i11/CK   led_ctrl/counter_7__i12/CK}
                                                             CLOCK PIN           0.000                  5.499  1       


Data Path
Name                                      Cell/Site Name     Delay Name       Incr      Arrival/Required Time  Fanout  
----------------------------------------  -----------------  ---------------  --------  ---------------------  ------  
led_ctrl/counter_7__i11/CK->led_ctrl/counter_7__i11/Q
                                          SLICE_R5C6C        CLK_TO_Q0_DELAY     1.388                  6.887  2       
led_ctrl/counter[11]                                         NET DELAY           2.141                  9.028  2       
led_ctrl/i12_4_lut/B->led_ctrl/i12_4_lut/Z
                                          SLICE_R6C5D        A0_TO_F0_DELAY      0.449                  9.477  1       
led_ctrl/n29                                                 NET DELAY           2.168                 11.645  1       
led_ctrl/i15_4_lut/A->led_ctrl/i15_4_lut/Z
                                          SLICE_R6C6A        D1_TO_F1_DELAY      0.476                 12.121  1       
led_ctrl/n32                                                 NET DELAY           0.304                 12.425  1       
led_ctrl/i1_4_lut/C->led_ctrl/i1_4_lut/Z  SLICE_R6C6B        C0_TO_F0_DELAY      0.476                 12.901  1       
led_ctrl/n10                                                 NET DELAY           0.304                 13.205  1       
led_ctrl/i7_4_lut/D->led_ctrl/i7_4_lut/Z  SLICE_R6C6B        C1_TO_F1_DELAY      0.449                 13.654  1       
led_ctrl/n16                                                 NET DELAY           2.168                 15.822  1       
led_ctrl/i4_4_lut/D->led_ctrl/i4_4_lut/Z  SLICE_R6C6C        D1_TO_F1_DELAY      0.449                 16.271  14      
led_ctrl/n106                                                NET DELAY           2.141                 18.412  14      
{led_ctrl/counter_7__i19/SR   led_ctrl/counter_7__i20/SR}
                                                             ENDPOINT            0.000                 18.412  1       


Destination Clock Path
Name                                      Cell/Site Name     Delay Name       Incr      Arrival/Required Time  Fanout  
----------------------------------------  -----------------  ---------------  --------  ---------------------  ------  
                                                             CONSTRAINT          0.000                 20.833  1       
led_ctrl.hf_osc/CLKHF                     HFOSC_HFOSC_R1C32  CLOCK LATENCY       0.000                 20.833  15      
led_ctrl/int_osc                                             NET DELAY           5.499                 26.332  15      
{led_ctrl/counter_7__i19/CK   led_ctrl/counter_7__i20/CK}
                                                             CLOCK PIN           0.000                 26.332  1       
                                                             Uncertainty      -(0.000)                 26.332  
                                                             Setup time       -(0.529)                 25.803  
----------------------------------------  -----------------  ---------------  --------  ---------------------  ------  
Required Time                                                                                          25.803  
Arrival Time                                                                                        -(18.411)  
----------------------------------------  -----------------  ---------------  --------  ---------------------  ------  
Path Slack  (Passed)                                                                                    7.391  




++++ Path 8 ++++++++++++++++++++++++++++++++++++++++++++++++++++++++++ 

Path Begin       : led_ctrl/counter_7__i11/Q  (SLICE_R5C6C)
Path End         : {led_ctrl/counter_7__i21/SR   led_ctrl/counter_7__i22/SR}  (SLICE_R5C7D)
Source Clock     : led_ctrl/int_osc (R)
Destination Clock: led_ctrl/int_osc (R)
Logic Level      : 6
Delay Ratio      : 71.4% (route), 28.6% (logic)
Clock Skew       : 0.000 ns 
Setup Constraint : 20.833 ns 
Path Slack       : 7.391 ns  (Passed)


Source Clock Path
Name                                      Cell/Site Name     Delay Name       Incr      Arrival/Required Time  Fanout  
----------------------------------------  -----------------  ---------------  --------  ---------------------  ------  
led_ctrl.hf_osc/CLKHF                     HFOSC_HFOSC_R1C32  CLOCK LATENCY       0.000                  0.000  15      
led_ctrl/int_osc                                             NET DELAY           5.499                  5.499  15      
{led_ctrl/counter_7__i11/CK   led_ctrl/counter_7__i12/CK}
                                                             CLOCK PIN           0.000                  5.499  1       


Data Path
Name                                      Cell/Site Name     Delay Name       Incr      Arrival/Required Time  Fanout  
----------------------------------------  -----------------  ---------------  --------  ---------------------  ------  
led_ctrl/counter_7__i11/CK->led_ctrl/counter_7__i11/Q
                                          SLICE_R5C6C        CLK_TO_Q0_DELAY     1.388                  6.887  2       
led_ctrl/counter[11]                                         NET DELAY           2.141                  9.028  2       
led_ctrl/i12_4_lut/B->led_ctrl/i12_4_lut/Z
                                          SLICE_R6C5D        A0_TO_F0_DELAY      0.449                  9.477  1       
led_ctrl/n29                                                 NET DELAY           2.168                 11.645  1       
led_ctrl/i15_4_lut/A->led_ctrl/i15_4_lut/Z
                                          SLICE_R6C6A        D1_TO_F1_DELAY      0.476                 12.121  1       
led_ctrl/n32                                                 NET DELAY           0.304                 12.425  1       
led_ctrl/i1_4_lut/C->led_ctrl/i1_4_lut/Z  SLICE_R6C6B        C0_TO_F0_DELAY      0.476                 12.901  1       
led_ctrl/n10                                                 NET DELAY           0.304                 13.205  1       
led_ctrl/i7_4_lut/D->led_ctrl/i7_4_lut/Z  SLICE_R6C6B        C1_TO_F1_DELAY      0.449                 13.654  1       
led_ctrl/n16                                                 NET DELAY           2.168                 15.822  1       
led_ctrl/i4_4_lut/D->led_ctrl/i4_4_lut/Z  SLICE_R6C6C        D1_TO_F1_DELAY      0.449                 16.271  14      
led_ctrl/n106                                                NET DELAY           2.141                 18.412  14      
{led_ctrl/counter_7__i21/SR   led_ctrl/counter_7__i22/SR}
                                                             ENDPOINT            0.000                 18.412  1       


Destination Clock Path
Name                                      Cell/Site Name     Delay Name       Incr      Arrival/Required Time  Fanout  
----------------------------------------  -----------------  ---------------  --------  ---------------------  ------  
                                                             CONSTRAINT          0.000                 20.833  1       
led_ctrl.hf_osc/CLKHF                     HFOSC_HFOSC_R1C32  CLOCK LATENCY       0.000                 20.833  15      
led_ctrl/int_osc                                             NET DELAY           5.499                 26.332  15      
{led_ctrl/counter_7__i21/CK   led_ctrl/counter_7__i22/CK}
                                                             CLOCK PIN           0.000                 26.332  1       
                                                             Uncertainty      -(0.000)                 26.332  
                                                             Setup time       -(0.529)                 25.803  
----------------------------------------  -----------------  ---------------  --------  ---------------------  ------  
Required Time                                                                                          25.803  
Arrival Time                                                                                        -(18.411)  
----------------------------------------  -----------------  ---------------  --------  ---------------------  ------  
Path Slack  (Passed)                                                                                    7.391  




++++ Path 9 ++++++++++++++++++++++++++++++++++++++++++++++++++++++++++ 

Path Begin       : led_ctrl/counter_7__i11/Q  (SLICE_R5C6C)
Path End         : {led_ctrl/counter_7__i11/SR   led_ctrl/counter_7__i12/SR}  (SLICE_R5C6C)
Source Clock     : led_ctrl/int_osc (R)
Destination Clock: led_ctrl/int_osc (R)
Logic Level      : 6
Delay Ratio      : 71.4% (route), 28.6% (logic)
Clock Skew       : 0.000 ns 
Setup Constraint : 20.833 ns 
Path Slack       : 7.391 ns  (Passed)


Source Clock Path
Name                                      Cell/Site Name     Delay Name       Incr      Arrival/Required Time  Fanout  
----------------------------------------  -----------------  ---------------  --------  ---------------------  ------  
led_ctrl.hf_osc/CLKHF                     HFOSC_HFOSC_R1C32  CLOCK LATENCY       0.000                  0.000  15      
led_ctrl/int_osc                                             NET DELAY           5.499                  5.499  15      
{led_ctrl/counter_7__i11/CK   led_ctrl/counter_7__i12/CK}
                                                             CLOCK PIN           0.000                  5.499  1       


Data Path
Name                                      Cell/Site Name     Delay Name       Incr      Arrival/Required Time  Fanout  
----------------------------------------  -----------------  ---------------  --------  ---------------------  ------  
led_ctrl/counter_7__i11/CK->led_ctrl/counter_7__i11/Q
                                          SLICE_R5C6C        CLK_TO_Q0_DELAY     1.388                  6.887  2       
led_ctrl/counter[11]                                         NET DELAY           2.141                  9.028  2       
led_ctrl/i12_4_lut/B->led_ctrl/i12_4_lut/Z
                                          SLICE_R6C5D        A0_TO_F0_DELAY      0.449                  9.477  1       
led_ctrl/n29                                                 NET DELAY           2.168                 11.645  1       
led_ctrl/i15_4_lut/A->led_ctrl/i15_4_lut/Z
                                          SLICE_R6C6A        D1_TO_F1_DELAY      0.476                 12.121  1       
led_ctrl/n32                                                 NET DELAY           0.304                 12.425  1       
led_ctrl/i1_4_lut/C->led_ctrl/i1_4_lut/Z  SLICE_R6C6B        C0_TO_F0_DELAY      0.476                 12.901  1       
led_ctrl/n10                                                 NET DELAY           0.304                 13.205  1       
led_ctrl/i7_4_lut/D->led_ctrl/i7_4_lut/Z  SLICE_R6C6B        C1_TO_F1_DELAY      0.449                 13.654  1       
led_ctrl/n16                                                 NET DELAY           2.168                 15.822  1       
led_ctrl/i4_4_lut/D->led_ctrl/i4_4_lut/Z  SLICE_R6C6C        D1_TO_F1_DELAY      0.449                 16.271  14      
led_ctrl/n106                                                NET DELAY           2.141                 18.412  14      
{led_ctrl/counter_7__i11/SR   led_ctrl/counter_7__i12/SR}
                                                             ENDPOINT            0.000                 18.412  1       


Destination Clock Path
Name                                      Cell/Site Name     Delay Name       Incr      Arrival/Required Time  Fanout  
----------------------------------------  -----------------  ---------------  --------  ---------------------  ------  
                                                             CONSTRAINT          0.000                 20.833  1       
led_ctrl.hf_osc/CLKHF                     HFOSC_HFOSC_R1C32  CLOCK LATENCY       0.000                 20.833  15      
led_ctrl/int_osc                                             NET DELAY           5.499                 26.332  15      
{led_ctrl/counter_7__i11/CK   led_ctrl/counter_7__i12/CK}
                                                             CLOCK PIN           0.000                 26.332  1       
                                                             Uncertainty      -(0.000)                 26.332  
                                                             Setup time       -(0.529)                 25.803  
----------------------------------------  -----------------  ---------------  --------  ---------------------  ------  
Required Time                                                                                          25.803  
Arrival Time                                                                                        -(18.411)  
----------------------------------------  -----------------  ---------------  --------  ---------------------  ------  
Path Slack  (Passed)                                                                                    7.391  




++++ Path 10 ++++++++++++++++++++++++++++++++++++++++++++++++++++++++++ 

Path Begin       : led_ctrl/counter_7__i11/Q  (SLICE_R5C6C)
Path End         : {led_ctrl/counter_7__i13/SR   led_ctrl/counter_7__i14/SR}  (SLICE_R5C6D)
Source Clock     : led_ctrl/int_osc (R)
Destination Clock: led_ctrl/int_osc (R)
Logic Level      : 6
Delay Ratio      : 71.4% (route), 28.6% (logic)
Clock Skew       : 0.000 ns 
Setup Constraint : 20.833 ns 
Path Slack       : 7.391 ns  (Passed)


Source Clock Path
Name                                      Cell/Site Name     Delay Name       Incr      Arrival/Required Time  Fanout  
----------------------------------------  -----------------  ---------------  --------  ---------------------  ------  
led_ctrl.hf_osc/CLKHF                     HFOSC_HFOSC_R1C32  CLOCK LATENCY       0.000                  0.000  15      
led_ctrl/int_osc                                             NET DELAY           5.499                  5.499  15      
{led_ctrl/counter_7__i11/CK   led_ctrl/counter_7__i12/CK}
                                                             CLOCK PIN           0.000                  5.499  1       


Data Path
Name                                      Cell/Site Name     Delay Name       Incr      Arrival/Required Time  Fanout  
----------------------------------------  -----------------  ---------------  --------  ---------------------  ------  
led_ctrl/counter_7__i11/CK->led_ctrl/counter_7__i11/Q
                                          SLICE_R5C6C        CLK_TO_Q0_DELAY     1.388                  6.887  2       
led_ctrl/counter[11]                                         NET DELAY           2.141                  9.028  2       
led_ctrl/i12_4_lut/B->led_ctrl/i12_4_lut/Z
                                          SLICE_R6C5D        A0_TO_F0_DELAY      0.449                  9.477  1       
led_ctrl/n29                                                 NET DELAY           2.168                 11.645  1       
led_ctrl/i15_4_lut/A->led_ctrl/i15_4_lut/Z
                                          SLICE_R6C6A        D1_TO_F1_DELAY      0.476                 12.121  1       
led_ctrl/n32                                                 NET DELAY           0.304                 12.425  1       
led_ctrl/i1_4_lut/C->led_ctrl/i1_4_lut/Z  SLICE_R6C6B        C0_TO_F0_DELAY      0.476                 12.901  1       
led_ctrl/n10                                                 NET DELAY           0.304                 13.205  1       
led_ctrl/i7_4_lut/D->led_ctrl/i7_4_lut/Z  SLICE_R6C6B        C1_TO_F1_DELAY      0.449                 13.654  1       
led_ctrl/n16                                                 NET DELAY           2.168                 15.822  1       
led_ctrl/i4_4_lut/D->led_ctrl/i4_4_lut/Z  SLICE_R6C6C        D1_TO_F1_DELAY      0.449                 16.271  14      
led_ctrl/n106                                                NET DELAY           2.141                 18.412  14      
{led_ctrl/counter_7__i13/SR   led_ctrl/counter_7__i14/SR}
                                                             ENDPOINT            0.000                 18.412  1       


Destination Clock Path
Name                                      Cell/Site Name     Delay Name       Incr      Arrival/Required Time  Fanout  
----------------------------------------  -----------------  ---------------  --------  ---------------------  ------  
                                                             CONSTRAINT          0.000                 20.833  1       
led_ctrl.hf_osc/CLKHF                     HFOSC_HFOSC_R1C32  CLOCK LATENCY       0.000                 20.833  15      
led_ctrl/int_osc                                             NET DELAY           5.499                 26.332  15      
{led_ctrl/counter_7__i13/CK   led_ctrl/counter_7__i14/CK}
                                                             CLOCK PIN           0.000                 26.332  1       
                                                             Uncertainty      -(0.000)                 26.332  
                                                             Setup time       -(0.529)                 25.803  
----------------------------------------  -----------------  ---------------  --------  ---------------------  ------  
Required Time                                                                                          25.803  
Arrival Time                                                                                        -(18.411)  
----------------------------------------  -----------------  ---------------  --------  ---------------------  ------  
Path Slack  (Passed)                                                                                    7.391  



+++++++++++++++++++++++++++++++++++++++++++++++++++++++++++++++++++++ 
                    End of Detailed Report for timing paths 
+++++++++++++++++++++++++++++++++++++++++++++++++++++++++++++++++++++ 


##########################################################



===============================================================
3  Hold at Speed Grade m Corner at -40 Degrees
===============================================================

3.1  Endpoint slacks
=======================
-------------------------------------------------------
          Listing 10 End Points          |    Slack    
-------------------------------------------------------
led_ctrl/counter_7__i19/D                |    1.913 ns 
led_ctrl/counter_7__i20/D                |    1.913 ns 
led_ctrl/counter_7__i21/D                |    1.913 ns 
led_ctrl/counter_7__i22/D                |    1.913 ns 
led_ctrl/counter_7__i23/D                |    1.913 ns 
led_ctrl/counter_7__i24/D                |    1.913 ns 
led_ctrl/counter_7__i11/D                |    1.913 ns 
led_ctrl/counter_7__i12/D                |    1.913 ns 
led_ctrl/counter_7__i13/D                |    1.913 ns 
led_ctrl/counter_7__i14/D                |    1.913 ns 
-------------------------------------------------------
                                         |             
Hold # of endpoints with negative slack: |           0 
                                         |             
-------------------------------------------------------

3.2  Detailed Report
=======================


XXXXXXXXXXXXXXXXXXXXXXXXXXXXXXXXXXXXXXXXXXXXXXXXXXXXXXXXXX

Detail report of critical paths

XXXXXXXXXXXXXXXXXXXXXXXXXXXXXXXXXXXXXXXXXXXXXXXXXXXXXXXXXX

 +++++++++++++++++++++++++++++++++++++++++++++++++++++++++++++++++++++
                    Detailed Report for timing paths 
 +++++++++++++++++++++++++++++++++++++++++++++++++++++++++++++++++++++

 ++++Path 1  ++++++++++++++++++++++++++++++++++++++++++++++++++++++++++

Path Begin       : led_ctrl/counter_7__i19/Q  (SLICE_R5C7C)
Path End         : led_ctrl/counter_7__i19/D  (SLICE_R5C7C)
Source Clock     : led_ctrl/int_osc (R)
Destination Clock: led_ctrl/int_osc (R)
Logic Level      : 2
Delay Ratio      : 46.1% (route), 53.9% (logic)
Clock Skew       : 0.000 ns 
Hold Constraint  : 0.000 ns 
Path Slack       : 1.913 ns  (Passed)


Source Clock Path
Name                                      Cell/Site Name     Delay Name       Incr   Arrival/Required Time  Fanout  
----------------------------------------  -----------------  ---------------  -----  ---------------------  ------  
led_ctrl.hf_osc/CLKHF                     HFOSC_HFOSC_R1C32  CLOCK LATENCY    0.000                  0.000  16      
led_ctrl/int_osc                                             NET DELAY        3.084                  3.084  16      
{led_ctrl/counter_7__i19/CK   led_ctrl/counter_7__i20/CK}
                                                             CLOCK PIN        0.000                  3.084  1       


Data Path
Name                                      Cell/Site Name     Delay Name       Incr   Arrival/Required Time  Fanout  
----------------------------------------  -----------------  ---------------  -----  ---------------------  ------  
led_ctrl/counter_7__i19/CK->led_ctrl/counter_7__i19/Q
                                          SLICE_R5C7C        CLK_TO_Q0_DELAY  0.779                  3.863  2       
led_ctrl/counter[19]                                         NET DELAY        0.882                  4.745  2       
led_ctrl/counter_7_add_4_21/C0->led_ctrl/counter_7_add_4_21/S0
                                          SLICE_R5C7C        C0_TO_F0_DELAY   0.252                  4.997  1       
led_ctrl/n105[19]                                            NET DELAY        0.000                  4.997  1       
led_ctrl/counter_7__i19/D                                    ENDPOINT         0.000                  4.997  1       


Destination Clock Path
Name                                      Cell/Site Name     Delay Name       Incr   Arrival/Required Time  Fanout  
----------------------------------------  -----------------  ---------------  -----  ---------------------  ------  
                                                             CONSTRAINT       0.000                  0.000  1       
led_ctrl.hf_osc/CLKHF                     HFOSC_HFOSC_R1C32  CLOCK LATENCY    0.000                  0.000  16      
led_ctrl/int_osc                                             NET DELAY        3.084                  3.084  16      
{led_ctrl/counter_7__i19/CK   led_ctrl/counter_7__i20/CK}
                                                             CLOCK PIN        0.000                  3.084  1       
                                                             Uncertainty      0.000                  3.084  
                                                             Hold time        0.000                  3.084  
----------------------------------------  -----------------  ---------------  -----  ---------------------  ------  
Required Time                                                                                       -3.084  
Arrival Time                                                                                         4.997  
----------------------------------------  -----------------  ---------------  -----  ---------------------  ------  
Path Slack  (Passed)                                                                                 1.913  




++++ Path 2 ++++++++++++++++++++++++++++++++++++++++++++++++++++++++++ 

Path Begin       : led_ctrl/counter_7__i20/Q  (SLICE_R5C7C)
Path End         : led_ctrl/counter_7__i20/D  (SLICE_R5C7C)
Source Clock     : led_ctrl/int_osc (R)
Destination Clock: led_ctrl/int_osc (R)
Logic Level      : 2
Delay Ratio      : 46.1% (route), 53.9% (logic)
Clock Skew       : 0.000 ns 
Hold Constraint  : 0.000 ns 
Path Slack       : 1.913 ns  (Passed)


Source Clock Path
Name                                      Cell/Site Name     Delay Name       Incr   Arrival/Required Time  Fanout  
----------------------------------------  -----------------  ---------------  -----  ---------------------  ------  
led_ctrl.hf_osc/CLKHF                     HFOSC_HFOSC_R1C32  CLOCK LATENCY    0.000                  0.000  16      
led_ctrl/int_osc                                             NET DELAY        3.084                  3.084  16      
{led_ctrl/counter_7__i19/CK   led_ctrl/counter_7__i20/CK}
                                                             CLOCK PIN        0.000                  3.084  1       


Data Path
Name                                      Cell/Site Name     Delay Name       Incr   Arrival/Required Time  Fanout  
----------------------------------------  -----------------  ---------------  -----  ---------------------  ------  
led_ctrl/counter_7__i20/CK->led_ctrl/counter_7__i20/Q
                                          SLICE_R5C7C        CLK_TO_Q1_DELAY  0.779                  3.863  2       
led_ctrl/counter[20]                                         NET DELAY        0.882                  4.745  2       
led_ctrl/counter_7_add_4_21/C1->led_ctrl/counter_7_add_4_21/S1
                                          SLICE_R5C7C        C1_TO_F1_DELAY   0.252                  4.997  1       
led_ctrl/n105[20]                                            NET DELAY        0.000                  4.997  1       
led_ctrl/counter_7__i20/D                                    ENDPOINT         0.000                  4.997  1       


Destination Clock Path
Name                                      Cell/Site Name     Delay Name       Incr   Arrival/Required Time  Fanout  
----------------------------------------  -----------------  ---------------  -----  ---------------------  ------  
                                                             CONSTRAINT       0.000                  0.000  1       
led_ctrl.hf_osc/CLKHF                     HFOSC_HFOSC_R1C32  CLOCK LATENCY    0.000                  0.000  16      
led_ctrl/int_osc                                             NET DELAY        3.084                  3.084  16      
{led_ctrl/counter_7__i19/CK   led_ctrl/counter_7__i20/CK}
                                                             CLOCK PIN        0.000                  3.084  1       
                                                             Uncertainty      0.000                  3.084  
                                                             Hold time        0.000                  3.084  
----------------------------------------  -----------------  ---------------  -----  ---------------------  ------  
Required Time                                                                                       -3.084  
Arrival Time                                                                                         4.997  
----------------------------------------  -----------------  ---------------  -----  ---------------------  ------  
Path Slack  (Passed)                                                                                 1.913  




++++ Path 3 ++++++++++++++++++++++++++++++++++++++++++++++++++++++++++ 

Path Begin       : led_ctrl/counter_7__i21/Q  (SLICE_R5C7D)
Path End         : led_ctrl/counter_7__i21/D  (SLICE_R5C7D)
Source Clock     : led_ctrl/int_osc (R)
Destination Clock: led_ctrl/int_osc (R)
Logic Level      : 2
Delay Ratio      : 46.1% (route), 53.9% (logic)
Clock Skew       : 0.000 ns 
Hold Constraint  : 0.000 ns 
Path Slack       : 1.913 ns  (Passed)


Source Clock Path
Name                                      Cell/Site Name     Delay Name       Incr   Arrival/Required Time  Fanout  
----------------------------------------  -----------------  ---------------  -----  ---------------------  ------  
led_ctrl.hf_osc/CLKHF                     HFOSC_HFOSC_R1C32  CLOCK LATENCY    0.000                  0.000  16      
led_ctrl/int_osc                                             NET DELAY        3.084                  3.084  16      
{led_ctrl/counter_7__i21/CK   led_ctrl/counter_7__i22/CK}
                                                             CLOCK PIN        0.000                  3.084  1       


Data Path
Name                                      Cell/Site Name     Delay Name       Incr   Arrival/Required Time  Fanout  
----------------------------------------  -----------------  ---------------  -----  ---------------------  ------  
led_ctrl/counter_7__i21/CK->led_ctrl/counter_7__i21/Q
                                          SLICE_R5C7D        CLK_TO_Q0_DELAY  0.779                  3.863  2       
led_ctrl/counter[21]                                         NET DELAY        0.882                  4.745  2       
led_ctrl/counter_7_add_4_23/C0->led_ctrl/counter_7_add_4_23/S0
                                          SLICE_R5C7D        C0_TO_F0_DELAY   0.252                  4.997  1       
led_ctrl/n105[21]                                            NET DELAY        0.000                  4.997  1       
led_ctrl/counter_7__i21/D                                    ENDPOINT         0.000                  4.997  1       


Destination Clock Path
Name                                      Cell/Site Name     Delay Name       Incr   Arrival/Required Time  Fanout  
----------------------------------------  -----------------  ---------------  -----  ---------------------  ------  
                                                             CONSTRAINT       0.000                  0.000  1       
led_ctrl.hf_osc/CLKHF                     HFOSC_HFOSC_R1C32  CLOCK LATENCY    0.000                  0.000  16      
led_ctrl/int_osc                                             NET DELAY        3.084                  3.084  16      
{led_ctrl/counter_7__i21/CK   led_ctrl/counter_7__i22/CK}
                                                             CLOCK PIN        0.000                  3.084  1       
                                                             Uncertainty      0.000                  3.084  
                                                             Hold time        0.000                  3.084  
----------------------------------------  -----------------  ---------------  -----  ---------------------  ------  
Required Time                                                                                       -3.084  
Arrival Time                                                                                         4.997  
----------------------------------------  -----------------  ---------------  -----  ---------------------  ------  
Path Slack  (Passed)                                                                                 1.913  




++++ Path 4 ++++++++++++++++++++++++++++++++++++++++++++++++++++++++++ 

Path Begin       : led_ctrl/counter_7__i22/Q  (SLICE_R5C7D)
Path End         : led_ctrl/counter_7__i22/D  (SLICE_R5C7D)
Source Clock     : led_ctrl/int_osc (R)
Destination Clock: led_ctrl/int_osc (R)
Logic Level      : 2
Delay Ratio      : 46.1% (route), 53.9% (logic)
Clock Skew       : 0.000 ns 
Hold Constraint  : 0.000 ns 
Path Slack       : 1.913 ns  (Passed)


Source Clock Path
Name                                      Cell/Site Name     Delay Name       Incr   Arrival/Required Time  Fanout  
----------------------------------------  -----------------  ---------------  -----  ---------------------  ------  
led_ctrl.hf_osc/CLKHF                     HFOSC_HFOSC_R1C32  CLOCK LATENCY    0.000                  0.000  16      
led_ctrl/int_osc                                             NET DELAY        3.084                  3.084  16      
{led_ctrl/counter_7__i21/CK   led_ctrl/counter_7__i22/CK}
                                                             CLOCK PIN        0.000                  3.084  1       


Data Path
Name                                      Cell/Site Name     Delay Name       Incr   Arrival/Required Time  Fanout  
----------------------------------------  -----------------  ---------------  -----  ---------------------  ------  
led_ctrl/counter_7__i22/CK->led_ctrl/counter_7__i22/Q
                                          SLICE_R5C7D        CLK_TO_Q1_DELAY  0.779                  3.863  2       
led_ctrl/counter[22]                                         NET DELAY        0.882                  4.745  2       
led_ctrl/counter_7_add_4_23/C1->led_ctrl/counter_7_add_4_23/S1
                                          SLICE_R5C7D        C1_TO_F1_DELAY   0.252                  4.997  1       
led_ctrl/n105[22]                                            NET DELAY        0.000                  4.997  1       
led_ctrl/counter_7__i22/D                                    ENDPOINT         0.000                  4.997  1       


Destination Clock Path
Name                                      Cell/Site Name     Delay Name       Incr   Arrival/Required Time  Fanout  
----------------------------------------  -----------------  ---------------  -----  ---------------------  ------  
                                                             CONSTRAINT       0.000                  0.000  1       
led_ctrl.hf_osc/CLKHF                     HFOSC_HFOSC_R1C32  CLOCK LATENCY    0.000                  0.000  16      
led_ctrl/int_osc                                             NET DELAY        3.084                  3.084  16      
{led_ctrl/counter_7__i21/CK   led_ctrl/counter_7__i22/CK}
                                                             CLOCK PIN        0.000                  3.084  1       
                                                             Uncertainty      0.000                  3.084  
                                                             Hold time        0.000                  3.084  
----------------------------------------  -----------------  ---------------  -----  ---------------------  ------  
Required Time                                                                                       -3.084  
Arrival Time                                                                                         4.997  
----------------------------------------  -----------------  ---------------  -----  ---------------------  ------  
Path Slack  (Passed)                                                                                 1.913  




++++ Path 5 ++++++++++++++++++++++++++++++++++++++++++++++++++++++++++ 

Path Begin       : led_ctrl/counter_7__i23/Q  (SLICE_R5C8A)
Path End         : led_ctrl/counter_7__i23/D  (SLICE_R5C8A)
Source Clock     : led_ctrl/int_osc (R)
Destination Clock: led_ctrl/int_osc (R)
Logic Level      : 2
Delay Ratio      : 46.1% (route), 53.9% (logic)
Clock Skew       : 0.000 ns 
Hold Constraint  : 0.000 ns 
Path Slack       : 1.913 ns  (Passed)


Source Clock Path
Name                                      Cell/Site Name     Delay Name       Incr   Arrival/Required Time  Fanout  
----------------------------------------  -----------------  ---------------  -----  ---------------------  ------  
led_ctrl.hf_osc/CLKHF                     HFOSC_HFOSC_R1C32  CLOCK LATENCY    0.000                  0.000  16      
led_ctrl/int_osc                                             NET DELAY        3.084                  3.084  16      
{led_ctrl/counter_7__i23/CK   led_ctrl/counter_7__i24/CK}
                                                             CLOCK PIN        0.000                  3.084  1       


Data Path
Name                                      Cell/Site Name     Delay Name       Incr   Arrival/Required Time  Fanout  
----------------------------------------  -----------------  ---------------  -----  ---------------------  ------  
led_ctrl/counter_7__i23/CK->led_ctrl/counter_7__i23/Q
                                          SLICE_R5C8A        CLK_TO_Q0_DELAY  0.779                  3.863  2       
led_ctrl/counter[23]                                         NET DELAY        0.882                  4.745  2       
led_ctrl/counter_7_add_4_25/C0->led_ctrl/counter_7_add_4_25/S0
                                          SLICE_R5C8A        C0_TO_F0_DELAY   0.252                  4.997  1       
led_ctrl/n105[23]                                            NET DELAY        0.000                  4.997  1       
led_ctrl/counter_7__i23/D                                    ENDPOINT         0.000                  4.997  1       


Destination Clock Path
Name                                      Cell/Site Name     Delay Name       Incr   Arrival/Required Time  Fanout  
----------------------------------------  -----------------  ---------------  -----  ---------------------  ------  
                                                             CONSTRAINT       0.000                  0.000  1       
led_ctrl.hf_osc/CLKHF                     HFOSC_HFOSC_R1C32  CLOCK LATENCY    0.000                  0.000  16      
led_ctrl/int_osc                                             NET DELAY        3.084                  3.084  16      
{led_ctrl/counter_7__i23/CK   led_ctrl/counter_7__i24/CK}
                                                             CLOCK PIN        0.000                  3.084  1       
                                                             Uncertainty      0.000                  3.084  
                                                             Hold time        0.000                  3.084  
----------------------------------------  -----------------  ---------------  -----  ---------------------  ------  
Required Time                                                                                       -3.084  
Arrival Time                                                                                         4.997  
----------------------------------------  -----------------  ---------------  -----  ---------------------  ------  
Path Slack  (Passed)                                                                                 1.913  




++++ Path 6 ++++++++++++++++++++++++++++++++++++++++++++++++++++++++++ 

Path Begin       : led_ctrl/counter_7__i24/Q  (SLICE_R5C8A)
Path End         : led_ctrl/counter_7__i24/D  (SLICE_R5C8A)
Source Clock     : led_ctrl/int_osc (R)
Destination Clock: led_ctrl/int_osc (R)
Logic Level      : 2
Delay Ratio      : 46.1% (route), 53.9% (logic)
Clock Skew       : 0.000 ns 
Hold Constraint  : 0.000 ns 
Path Slack       : 1.913 ns  (Passed)


Source Clock Path
Name                                      Cell/Site Name     Delay Name       Incr   Arrival/Required Time  Fanout  
----------------------------------------  -----------------  ---------------  -----  ---------------------  ------  
led_ctrl.hf_osc/CLKHF                     HFOSC_HFOSC_R1C32  CLOCK LATENCY    0.000                  0.000  16      
led_ctrl/int_osc                                             NET DELAY        3.084                  3.084  16      
{led_ctrl/counter_7__i23/CK   led_ctrl/counter_7__i24/CK}
                                                             CLOCK PIN        0.000                  3.084  1       


Data Path
Name                                      Cell/Site Name     Delay Name       Incr   Arrival/Required Time  Fanout  
----------------------------------------  -----------------  ---------------  -----  ---------------------  ------  
led_ctrl/counter_7__i24/CK->led_ctrl/counter_7__i24/Q
                                          SLICE_R5C8A        CLK_TO_Q1_DELAY  0.779                  3.863  2       
led_ctrl/counter[24]                                         NET DELAY        0.882                  4.745  2       
led_ctrl/counter_7_add_4_25/C1->led_ctrl/counter_7_add_4_25/S1
                                          SLICE_R5C8A        C1_TO_F1_DELAY   0.252                  4.997  1       
led_ctrl/n105[24]                                            NET DELAY        0.000                  4.997  1       
led_ctrl/counter_7__i24/D                                    ENDPOINT         0.000                  4.997  1       


Destination Clock Path
Name                                      Cell/Site Name     Delay Name       Incr   Arrival/Required Time  Fanout  
----------------------------------------  -----------------  ---------------  -----  ---------------------  ------  
                                                             CONSTRAINT       0.000                  0.000  1       
led_ctrl.hf_osc/CLKHF                     HFOSC_HFOSC_R1C32  CLOCK LATENCY    0.000                  0.000  16      
led_ctrl/int_osc                                             NET DELAY        3.084                  3.084  16      
{led_ctrl/counter_7__i23/CK   led_ctrl/counter_7__i24/CK}
                                                             CLOCK PIN        0.000                  3.084  1       
                                                             Uncertainty      0.000                  3.084  
                                                             Hold time        0.000                  3.084  
----------------------------------------  -----------------  ---------------  -----  ---------------------  ------  
Required Time                                                                                       -3.084  
Arrival Time                                                                                         4.997  
----------------------------------------  -----------------  ---------------  -----  ---------------------  ------  
Path Slack  (Passed)                                                                                 1.913  




++++ Path 7 ++++++++++++++++++++++++++++++++++++++++++++++++++++++++++ 

Path Begin       : led_ctrl/counter_7__i11/Q  (SLICE_R5C6C)
Path End         : led_ctrl/counter_7__i11/D  (SLICE_R5C6C)
Source Clock     : led_ctrl/int_osc (R)
Destination Clock: led_ctrl/int_osc (R)
Logic Level      : 2
Delay Ratio      : 46.1% (route), 53.9% (logic)
Clock Skew       : 0.000 ns 
Hold Constraint  : 0.000 ns 
Path Slack       : 1.913 ns  (Passed)


Source Clock Path
Name                                      Cell/Site Name     Delay Name       Incr   Arrival/Required Time  Fanout  
----------------------------------------  -----------------  ---------------  -----  ---------------------  ------  
led_ctrl.hf_osc/CLKHF                     HFOSC_HFOSC_R1C32  CLOCK LATENCY    0.000                  0.000  16      
led_ctrl/int_osc                                             NET DELAY        3.084                  3.084  16      
{led_ctrl/counter_7__i11/CK   led_ctrl/counter_7__i12/CK}
                                                             CLOCK PIN        0.000                  3.084  1       


Data Path
Name                                      Cell/Site Name     Delay Name       Incr   Arrival/Required Time  Fanout  
----------------------------------------  -----------------  ---------------  -----  ---------------------  ------  
led_ctrl/counter_7__i11/CK->led_ctrl/counter_7__i11/Q
                                          SLICE_R5C6C        CLK_TO_Q0_DELAY  0.779                  3.863  2       
led_ctrl/counter[11]                                         NET DELAY        0.882                  4.745  2       
led_ctrl/counter_7_add_4_13/C0->led_ctrl/counter_7_add_4_13/S0
                                          SLICE_R5C6C        C0_TO_F0_DELAY   0.252                  4.997  1       
led_ctrl/n105[11]                                            NET DELAY        0.000                  4.997  1       
led_ctrl/counter_7__i11/D                                    ENDPOINT         0.000                  4.997  1       


Destination Clock Path
Name                                      Cell/Site Name     Delay Name       Incr   Arrival/Required Time  Fanout  
----------------------------------------  -----------------  ---------------  -----  ---------------------  ------  
                                                             CONSTRAINT       0.000                  0.000  1       
led_ctrl.hf_osc/CLKHF                     HFOSC_HFOSC_R1C32  CLOCK LATENCY    0.000                  0.000  16      
led_ctrl/int_osc                                             NET DELAY        3.084                  3.084  16      
{led_ctrl/counter_7__i11/CK   led_ctrl/counter_7__i12/CK}
                                                             CLOCK PIN        0.000                  3.084  1       
                                                             Uncertainty      0.000                  3.084  
                                                             Hold time        0.000                  3.084  
----------------------------------------  -----------------  ---------------  -----  ---------------------  ------  
Required Time                                                                                       -3.084  
Arrival Time                                                                                         4.997  
----------------------------------------  -----------------  ---------------  -----  ---------------------  ------  
Path Slack  (Passed)                                                                                 1.913  




++++ Path 8 ++++++++++++++++++++++++++++++++++++++++++++++++++++++++++ 

Path Begin       : led_ctrl/counter_7__i12/Q  (SLICE_R5C6C)
Path End         : led_ctrl/counter_7__i12/D  (SLICE_R5C6C)
Source Clock     : led_ctrl/int_osc (R)
Destination Clock: led_ctrl/int_osc (R)
Logic Level      : 2
Delay Ratio      : 46.1% (route), 53.9% (logic)
Clock Skew       : 0.000 ns 
Hold Constraint  : 0.000 ns 
Path Slack       : 1.913 ns  (Passed)


Source Clock Path
Name                                      Cell/Site Name     Delay Name       Incr   Arrival/Required Time  Fanout  
----------------------------------------  -----------------  ---------------  -----  ---------------------  ------  
led_ctrl.hf_osc/CLKHF                     HFOSC_HFOSC_R1C32  CLOCK LATENCY    0.000                  0.000  16      
led_ctrl/int_osc                                             NET DELAY        3.084                  3.084  16      
{led_ctrl/counter_7__i11/CK   led_ctrl/counter_7__i12/CK}
                                                             CLOCK PIN        0.000                  3.084  1       


Data Path
Name                                      Cell/Site Name     Delay Name       Incr   Arrival/Required Time  Fanout  
----------------------------------------  -----------------  ---------------  -----  ---------------------  ------  
led_ctrl/counter_7__i12/CK->led_ctrl/counter_7__i12/Q
                                          SLICE_R5C6C        CLK_TO_Q1_DELAY  0.779                  3.863  2       
led_ctrl/counter[12]                                         NET DELAY        0.882                  4.745  2       
led_ctrl/counter_7_add_4_13/C1->led_ctrl/counter_7_add_4_13/S1
                                          SLICE_R5C6C        C1_TO_F1_DELAY   0.252                  4.997  1       
led_ctrl/n105[12]                                            NET DELAY        0.000                  4.997  1       
led_ctrl/counter_7__i12/D                                    ENDPOINT         0.000                  4.997  1       


Destination Clock Path
Name                                      Cell/Site Name     Delay Name       Incr   Arrival/Required Time  Fanout  
----------------------------------------  -----------------  ---------------  -----  ---------------------  ------  
                                                             CONSTRAINT       0.000                  0.000  1       
led_ctrl.hf_osc/CLKHF                     HFOSC_HFOSC_R1C32  CLOCK LATENCY    0.000                  0.000  16      
led_ctrl/int_osc                                             NET DELAY        3.084                  3.084  16      
{led_ctrl/counter_7__i11/CK   led_ctrl/counter_7__i12/CK}
                                                             CLOCK PIN        0.000                  3.084  1       
                                                             Uncertainty      0.000                  3.084  
                                                             Hold time        0.000                  3.084  
----------------------------------------  -----------------  ---------------  -----  ---------------------  ------  
Required Time                                                                                       -3.084  
Arrival Time                                                                                         4.997  
----------------------------------------  -----------------  ---------------  -----  ---------------------  ------  
Path Slack  (Passed)                                                                                 1.913  




++++ Path 9 ++++++++++++++++++++++++++++++++++++++++++++++++++++++++++ 

Path Begin       : led_ctrl/counter_7__i13/Q  (SLICE_R5C6D)
Path End         : led_ctrl/counter_7__i13/D  (SLICE_R5C6D)
Source Clock     : led_ctrl/int_osc (R)
Destination Clock: led_ctrl/int_osc (R)
Logic Level      : 2
Delay Ratio      : 46.1% (route), 53.9% (logic)
Clock Skew       : 0.000 ns 
Hold Constraint  : 0.000 ns 
Path Slack       : 1.913 ns  (Passed)


Source Clock Path
Name                                      Cell/Site Name     Delay Name       Incr   Arrival/Required Time  Fanout  
----------------------------------------  -----------------  ---------------  -----  ---------------------  ------  
led_ctrl.hf_osc/CLKHF                     HFOSC_HFOSC_R1C32  CLOCK LATENCY    0.000                  0.000  16      
led_ctrl/int_osc                                             NET DELAY        3.084                  3.084  16      
{led_ctrl/counter_7__i13/CK   led_ctrl/counter_7__i14/CK}
                                                             CLOCK PIN        0.000                  3.084  1       


Data Path
Name                                      Cell/Site Name     Delay Name       Incr   Arrival/Required Time  Fanout  
----------------------------------------  -----------------  ---------------  -----  ---------------------  ------  
led_ctrl/counter_7__i13/CK->led_ctrl/counter_7__i13/Q
                                          SLICE_R5C6D        CLK_TO_Q0_DELAY  0.779                  3.863  2       
led_ctrl/counter[13]                                         NET DELAY        0.882                  4.745  2       
led_ctrl/counter_7_add_4_15/C0->led_ctrl/counter_7_add_4_15/S0
                                          SLICE_R5C6D        C0_TO_F0_DELAY   0.252                  4.997  1       
led_ctrl/n105[13]                                            NET DELAY        0.000                  4.997  1       
led_ctrl/counter_7__i13/D                                    ENDPOINT         0.000                  4.997  1       


Destination Clock Path
Name                                      Cell/Site Name     Delay Name       Incr   Arrival/Required Time  Fanout  
----------------------------------------  -----------------  ---------------  -----  ---------------------  ------  
                                                             CONSTRAINT       0.000                  0.000  1       
led_ctrl.hf_osc/CLKHF                     HFOSC_HFOSC_R1C32  CLOCK LATENCY    0.000                  0.000  16      
led_ctrl/int_osc                                             NET DELAY        3.084                  3.084  16      
{led_ctrl/counter_7__i13/CK   led_ctrl/counter_7__i14/CK}
                                                             CLOCK PIN        0.000                  3.084  1       
                                                             Uncertainty      0.000                  3.084  
                                                             Hold time        0.000                  3.084  
----------------------------------------  -----------------  ---------------  -----  ---------------------  ------  
Required Time                                                                                       -3.084  
Arrival Time                                                                                         4.997  
----------------------------------------  -----------------  ---------------  -----  ---------------------  ------  
Path Slack  (Passed)                                                                                 1.913  




++++ Path 10 ++++++++++++++++++++++++++++++++++++++++++++++++++++++++++ 

Path Begin       : led_ctrl/counter_7__i14/Q  (SLICE_R5C6D)
Path End         : led_ctrl/counter_7__i14/D  (SLICE_R5C6D)
Source Clock     : led_ctrl/int_osc (R)
Destination Clock: led_ctrl/int_osc (R)
Logic Level      : 2
Delay Ratio      : 46.1% (route), 53.9% (logic)
Clock Skew       : 0.000 ns 
Hold Constraint  : 0.000 ns 
Path Slack       : 1.913 ns  (Passed)


Source Clock Path
Name                                      Cell/Site Name     Delay Name       Incr   Arrival/Required Time  Fanout  
----------------------------------------  -----------------  ---------------  -----  ---------------------  ------  
led_ctrl.hf_osc/CLKHF                     HFOSC_HFOSC_R1C32  CLOCK LATENCY    0.000                  0.000  16      
led_ctrl/int_osc                                             NET DELAY        3.084                  3.084  16      
{led_ctrl/counter_7__i13/CK   led_ctrl/counter_7__i14/CK}
                                                             CLOCK PIN        0.000                  3.084  1       


Data Path
Name                                      Cell/Site Name     Delay Name       Incr   Arrival/Required Time  Fanout  
----------------------------------------  -----------------  ---------------  -----  ---------------------  ------  
led_ctrl/counter_7__i14/CK->led_ctrl/counter_7__i14/Q
                                          SLICE_R5C6D        CLK_TO_Q1_DELAY  0.779                  3.863  2       
led_ctrl/counter[14]                                         NET DELAY        0.882                  4.745  2       
led_ctrl/counter_7_add_4_15/C1->led_ctrl/counter_7_add_4_15/S1
                                          SLICE_R5C6D        C1_TO_F1_DELAY   0.252                  4.997  1       
led_ctrl/n105[14]                                            NET DELAY        0.000                  4.997  1       
led_ctrl/counter_7__i14/D                                    ENDPOINT         0.000                  4.997  1       


Destination Clock Path
Name                                      Cell/Site Name     Delay Name       Incr   Arrival/Required Time  Fanout  
----------------------------------------  -----------------  ---------------  -----  ---------------------  ------  
                                                             CONSTRAINT       0.000                  0.000  1       
led_ctrl.hf_osc/CLKHF                     HFOSC_HFOSC_R1C32  CLOCK LATENCY    0.000                  0.000  16      
led_ctrl/int_osc                                             NET DELAY        3.084                  3.084  16      
{led_ctrl/counter_7__i13/CK   led_ctrl/counter_7__i14/CK}
                                                             CLOCK PIN        0.000                  3.084  1       
                                                             Uncertainty      0.000                  3.084  
                                                             Hold time        0.000                  3.084  
----------------------------------------  -----------------  ---------------  -----  ---------------------  ------  
Required Time                                                                                       -3.084  
Arrival Time                                                                                         4.997  
----------------------------------------  -----------------  ---------------  -----  ---------------------  ------  
Path Slack  (Passed)                                                                                 1.913  



+++++++++++++++++++++++++++++++++++++++++++++++++++++++++++++++++++++ 
                    End of Detailed Report for timing paths 
+++++++++++++++++++++++++++++++++++++++++++++++++++++++++++++++++++++ 


##########################################################



